TN:
SF:lib/feature/api_client/data/datasource/api_data_source.dart
FNF:0
FNH:0
DA:11,0
DA:14,0
DA:15,0
DA:17,0
DA:18,0
DA:19,0
DA:21,0
DA:22,0
DA:25,0
DA:31,0
DA:35,0
DA:36,0
DA:37,0
DA:38,0
DA:42,0
DA:45,0
DA:48,0
LF:17
LH:0
end_of_record
TN:
SF:lib/feature/api_client/data/model/tmdb_response.dart
FNF:0
FNH:0
DA:4,7
DA:16,4
DA:17,3
DA:18,2
DA:19,3
DA:20,1
DA:21,3
DA:22,3
DA:25,1
DA:26,1
DA:27,1
DA:28,5
DA:29,1
DA:30,1
LF:14
LH:14
end_of_record
TN:
SF:lib/feature/api_client/data/repository/api_movie_repository.dart
FNF:0
FNH:0
DA:10,2
DA:18,2
DA:20,2
DA:23,6
DA:25,2
DA:26,2
DA:27,3
DA:29,2
DA:33,2
DA:37,3
DA:39,1
DA:40,1
DA:41,2
DA:42,3
DA:44,1
LF:15
LH:15
end_of_record
TN:
SF:lib/feature/api_client/domain/entity/movie.dart
FNF:0
FNH:0
DA:2,6
DA:34,2
DA:35,1
DA:36,1
DA:37,1
DA:38,3
DA:39,1
DA:40,2
DA:41,1
DA:42,1
DA:43,1
DA:44,2
DA:45,1
DA:46,1
DA:47,1
DA:48,1
DA:49,2
DA:50,2
DA:53,2
DA:54,2
DA:55,2
DA:56,2
DA:57,2
DA:58,2
DA:59,2
DA:60,2
DA:61,2
DA:62,2
DA:63,2
DA:64,2
DA:65,2
DA:66,2
DA:67,2
DA:68,2
DA:72,2
DA:74,2
DA:75,6
LF:37
LH:37
end_of_record
TN:
SF:lib/feature/api_client/domain/usecase/get_movies_usecase.dart
FNF:0
FNH:0
DA:9,1
DA:11,1
DA:13,2
LF:3
LH:3
end_of_record
TN:
SF:lib/feature/api_client/presentation/controller/movie_bloc.dart
FNF:0
FNH:0
DA:8,1
DA:10,1
DA:11,1
DA:13,1
DA:14,1
DA:15,2
DA:18,2
DA:19,1
DA:20,2
DA:22,1
DA:23,1
DA:29,2
DA:41,1
DA:49,1
DA:55,1
DA:61,1
DA:67,1
DA:73,1
LF:18
LH:18
end_of_record
TN:
SF:lib/feature/local_database/data/datasource/sqlite_database_data_source.dart
FNF:0
FNH:0
DA:13,1
DA:15,1
DA:17,0
DA:21,1
DA:23,2
DA:24,1
DA:25,3
DA:26,2
DA:28,1
DA:29,1
DA:37,1
DA:38,2
DA:39,2
DA:40,1
DA:42,2
DA:50,1
DA:52,1
DA:53,2
DA:54,2
DA:57,2
DA:58,2
DA:59,2
DA:60,4
DA:61,1
DA:62,1
DA:63,1
DA:67,1
DA:68,1
DA:69,1
DA:70,1
DA:71,1
DA:72,1
DA:73,1
DA:74,1
DA:75,1
DA:76,1
DA:77,1
DA:78,1
DA:79,1
DA:80,2
DA:81,1
DA:82,1
DA:88,1
DA:98,0
DA:99,0
DA:100,0
DA:101,0
DA:102,0
DA:117,0
LF:49
LH:42
end_of_record
TN:
SF:lib/feature/local_database/data/datasource/sqlite_database_proxy.dart
FNF:0
FNH:0
DA:10,1
DA:11,1
DA:14,1
DA:15,1
DA:18,1
DA:20,1
DA:21,2
DA:22,2
DA:23,4
DA:26,1
DA:29,1
DA:31,1
DA:32,2
LF:13
LH:13
end_of_record
